mode: set
crud_go/controllers/BookController.go:10.47,12.14 2 1
crud_go/controllers/BookController.go:17.2,20.4 1 1
crud_go/controllers/BookController.go:12.14,16.3 1 0
crud_go/controllers/BookController.go:23.46,26.14 3 1
crud_go/controllers/BookController.go:31.2,34.4 1 1
crud_go/controllers/BookController.go:26.14,30.3 1 1
crud_go/controllers/BookController.go:37.49,39.14 2 1
crud_go/controllers/BookController.go:44.2,47.4 1 1
crud_go/controllers/BookController.go:39.14,43.3 1 1
crud_go/controllers/BookController.go:50.49,53.14 3 1
crud_go/controllers/BookController.go:58.2,61.4 1 1
crud_go/controllers/BookController.go:53.14,57.3 1 1
crud_go/controllers/BookController.go:64.49,67.14 3 1
crud_go/controllers/BookController.go:72.2,75.4 1 1
crud_go/controllers/BookController.go:67.14,71.3 1 1
crud_go/controllers/UserController.go:13.47,16.53 2 1
crud_go/controllers/UserController.go:19.2,22.4 1 1
crud_go/controllers/UserController.go:16.53,18.3 1 0
crud_go/controllers/UserController.go:26.46,31.57 3 1
crud_go/controllers/UserController.go:37.2,40.4 1 1
crud_go/controllers/UserController.go:31.57,35.3 1 1
crud_go/controllers/UserController.go:45.49,49.16 3 1
crud_go/controllers/UserController.go:53.2,53.52 1 1
crud_go/controllers/UserController.go:58.2,61.4 1 1
crud_go/controllers/UserController.go:49.16,51.3 1 0
crud_go/controllers/UserController.go:53.52,57.3 1 0
crud_go/controllers/UserController.go:65.49,70.57 3 1
crud_go/controllers/UserController.go:76.2,76.58 1 1
crud_go/controllers/UserController.go:81.2,84.4 1 1
crud_go/controllers/UserController.go:70.57,74.3 1 1
crud_go/controllers/UserController.go:76.58,80.3 1 0
crud_go/controllers/UserController.go:88.49,95.57 4 1
crud_go/controllers/UserController.go:100.2,105.4 3 1
crud_go/controllers/UserController.go:95.57,99.3 1 1
crud_go/controllers/UserController.go:108.48,112.16 3 1
crud_go/controllers/UserController.go:116.2,116.116 1 1
crud_go/controllers/UserController.go:122.2,124.16 2 1
crud_go/controllers/UserController.go:130.2,135.4 2 1
crud_go/controllers/UserController.go:112.16,114.3 1 0
crud_go/controllers/UserController.go:116.116,120.3 1 1
crud_go/controllers/UserController.go:124.16,128.3 1 0
