mode: set
rest-clean/user/delivery/http/user_handler.go:20.84,25.2 1 1
rest-clean/user/delivery/http/user_handler.go:27.43,31.2 3 1
rest-clean/user/delivery/http/user_handler.go:33.52,35.16 2 1
rest-clean/user/delivery/http/user_handler.go:38.2,38.38 1 1
rest-clean/user/delivery/http/user_handler.go:35.16,37.3 1 1
rest-clean/user/delivery/http/user_handler.go:41.58,46.16 4 1
rest-clean/user/delivery/http/user_handler.go:49.2,49.41 1 1
rest-clean/user/delivery/http/user_handler.go:46.16,48.3 1 1
rest-clean/user/delivery/http/user_handler.go:53.51,58.16 5 1
rest-clean/user/delivery/http/user_handler.go:61.2,61.18 1 1
rest-clean/user/delivery/http/user_handler.go:64.2,65.14 2 1
rest-clean/user/delivery/http/user_handler.go:69.2,69.66 1 1
rest-clean/user/delivery/http/user_handler.go:58.16,60.3 1 1
rest-clean/user/delivery/http/user_handler.go:61.18,63.3 1 1
rest-clean/user/delivery/http/user_handler.go:65.14,68.3 2 1
rest-clean/user/delivery/http/user_handler.go:72.35,73.16 1 1
rest-clean/user/delivery/http/user_handler.go:76.2,76.13 1 1
rest-clean/user/delivery/http/user_handler.go:73.16,75.3 1 1
rest-clean/user/delivery/http/user_handler.go:77.26,78.29 1 1
rest-clean/user/delivery/http/user_handler.go:79.10,80.40 1 1
